<?xml version="1.0" encoding="UTF-8"?>
<testsuite name="basicJunit.BasicJunit" tests="1" skipped="0" failures="0" errors="0" timestamp="2021-12-11T21:40:08" hostname="DESKTOP-13C61EK" time="0.109">
  <properties/>
  <testcase name="verifyMyApp()" classname="basicJunit.BasicJunit" time="0.109"/>
  <system-out><![CDATA[Before
Test
After
]]></system-out>
  <system-err><![CDATA[]]></system-err>
</testsuite>
